{"/home/sdp/Projects/todo-test-task/controllers/auth.js": {"path":"/home/sdp/Projects/todo-test-task/controllers/auth.js","statementMap":{"0":{"start":{"line":8,"column":4},"end":{"line":8,"column":20}},"1":{"start":{"line":11,"column":4},"end":{"line":11,"column":11}},"2":{"start":{"line":12,"column":4},"end":{"line":12,"column":11}},"3":{"start":{"line":14,"column":23},"end":{"line":14,"column":47}},"4":{"start":{"line":17,"column":4},"end":{"line":19,"column":5}},"5":{"start":{"line":18,"column":8},"end":{"line":18,"column":71}},"6":{"start":{"line":22,"column":18},"end":{"line":22,"column":42}},"7":{"start":{"line":26,"column":4},"end":{"line":31,"column":5}},"8":{"start":{"line":27,"column":8},"end":{"line":27,"column":65}},"9":{"start":{"line":30,"column":8},"end":{"line":30,"column":90}},"10":{"start":{"line":34,"column":4},"end":{"line":38,"column":5}},"11":{"start":{"line":35,"column":8},"end":{"line":35,"column":73}},"12":{"start":{"line":37,"column":8},"end":{"line":37,"column":15}}},"fnMap":{"0":{"name":"isAuth","decl":{"start":{"line":6,"column":24},"end":{"line":6,"column":30}},"loc":{"start":{"line":6,"column":47},"end":{"line":39,"column":1}},"line":6}},"branchMap":{"0":{"loc":{"start":{"line":17,"column":4},"end":{"line":19,"column":5}},"type":"if","locations":[{"start":{"line":17,"column":4},"end":{"line":19,"column":5}},{"start":{},"end":{}}],"line":17},"1":{"loc":{"start":{"line":30,"column":47},"end":{"line":30,"column":86}},"type":"binary-expr","locations":[{"start":{"line":30,"column":47},"end":{"line":30,"column":58}},{"start":{"line":30,"column":62},"end":{"line":30,"column":86}}],"line":30},"2":{"loc":{"start":{"line":34,"column":4},"end":{"line":38,"column":5}},"type":"if","locations":[{"start":{"line":34,"column":4},"end":{"line":38,"column":5}},{"start":{"line":36,"column":11},"end":{"line":38,"column":5}}],"line":34}},"s":{"0":9,"1":9,"2":9,"3":0,"4":0,"5":0,"6":0,"7":0,"8":0,"9":0,"10":0,"11":0,"12":0},"f":{"0":9},"b":{"0":[0,0],"1":[0,0],"2":[0,0]},"_coverageSchema":"1a1c01bbd47fc00a2c39e90264f33305004495a9","hash":"9e3d9f0405598af4936f8d4ac0283c5b9fa5e3a2"}
,"/home/sdp/Projects/todo-test-task/models/task.ts": {"path":"/home/sdp/Projects/todo-test-task/models/task.ts","statementMap":{"0":{"start":{"line":4,"column":42},"end":{"line":23,"column":2}},"1":{"start":{"line":8,"column":12},"end":{"line":8,"column":30}},"2":{"start":{"line":25,"column":0},"end":{"line":27,"column":1}},"3":{"start":{"line":26,"column":4},"end":{"line":26,"column":26}},"4":{"start":{"line":29,"column":0},"end":{"line":34,"column":1}},"5":{"start":{"line":33,"column":4},"end":{"line":33,"column":36}},"6":{"start":{"line":36,"column":13},"end":{"line":36,"column":66}}},"fnMap":{"0":{"name":"(anonymous_0)","decl":{"start":{"line":7,"column":17},"end":{"line":7,"column":18}},"loc":{"start":{"line":7,"column":27},"end":{"line":9,"column":9}},"line":7},"1":{"name":"(anonymous_1)","decl":{"start":{"line":25,"column":32},"end":{"line":25,"column":33}},"loc":{"start":{"line":25,"column":49},"end":{"line":27,"column":1}},"line":25},"2":{"name":"(anonymous_2)","decl":{"start":{"line":29,"column":30},"end":{"line":29,"column":31}},"loc":{"start":{"line":32,"column":2},"end":{"line":34,"column":1}},"line":32}},"branchMap":{},"s":{"0":1,"1":3,"2":1,"3":0,"4":1,"5":0,"6":1},"f":{"0":3,"1":0,"2":0},"b":{},"_coverageSchema":"1a1c01bbd47fc00a2c39e90264f33305004495a9","hash":"0a0f0bf731e70527a653071950e74cb878a0a171"}
,"/home/sdp/Projects/todo-test-task/routes/tasks.ts": {"path":"/home/sdp/Projects/todo-test-task/routes/tasks.ts","statementMap":{"0":{"start":{"line":10,"column":27},"end":{"line":10,"column":43}},"1":{"start":{"line":11,"column":0},"end":{"line":11,"column":32}},"2":{"start":{"line":16,"column":0},"end":{"line":25,"column":3}},"3":{"start":{"line":17,"column":4},"end":{"line":24,"column":5}},"4":{"start":{"line":19,"column":44},"end":{"line":19,"column":63}},"5":{"start":{"line":21,"column":8},"end":{"line":21,"column":43}},"6":{"start":{"line":23,"column":8},"end":{"line":23,"column":60}},"7":{"start":{"line":28,"column":0},"end":{"line":39,"column":3}},"8":{"start":{"line":29,"column":4},"end":{"line":38,"column":5}},"9":{"start":{"line":30,"column":21},"end":{"line":30,"column":38}},"10":{"start":{"line":31,"column":23},"end":{"line":31,"column":46}},"11":{"start":{"line":33,"column":8},"end":{"line":35,"column":64}},"12":{"start":{"line":37,"column":8},"end":{"line":37,"column":60}},"13":{"start":{"line":42,"column":0},"end":{"line":55,"column":3}},"14":{"start":{"line":43,"column":15},"end":{"line":43,"column":30}},"15":{"start":{"line":45,"column":4},"end":{"line":54,"column":5}},"16":{"start":{"line":46,"column":22},"end":{"line":46,"column":53}},"17":{"start":{"line":47,"column":23},"end":{"line":47,"column":48}},"18":{"start":{"line":49,"column":8},"end":{"line":51,"column":73}},"19":{"start":{"line":53,"column":8},"end":{"line":53,"column":60}},"20":{"start":{"line":58,"column":0},"end":{"line":73,"column":3}},"21":{"start":{"line":59,"column":15},"end":{"line":59,"column":30}},"22":{"start":{"line":61,"column":4},"end":{"line":72,"column":5}},"23":{"start":{"line":62,"column":21},"end":{"line":62,"column":38}},"24":{"start":{"line":63,"column":22},"end":{"line":63,"column":53}},"25":{"start":{"line":65,"column":23},"end":{"line":65,"column":84}},"26":{"start":{"line":67,"column":8},"end":{"line":69,"column":66}},"27":{"start":{"line":71,"column":8},"end":{"line":71,"column":60}},"28":{"start":{"line":76,"column":0},"end":{"line":89,"column":3}},"29":{"start":{"line":77,"column":15},"end":{"line":77,"column":30}},"30":{"start":{"line":79,"column":4},"end":{"line":88,"column":5}},"31":{"start":{"line":80,"column":22},"end":{"line":80,"column":53}},"32":{"start":{"line":81,"column":23},"end":{"line":81,"column":50}},"33":{"start":{"line":83,"column":8},"end":{"line":85,"column":66}},"34":{"start":{"line":87,"column":8},"end":{"line":87,"column":60}},"35":{"start":{"line":93,"column":2},"end":{"line":93,"column":50}},"36":{"start":{"line":93,"column":30},"end":{"line":93,"column":50}},"37":{"start":{"line":94,"column":2},"end":{"line":94,"column":22}}},"fnMap":{"0":{"name":"(anonymous_0)","decl":{"start":{"line":16,"column":29},"end":{"line":16,"column":30}},"loc":{"start":{"line":16,"column":68},"end":{"line":25,"column":1}},"line":16},"1":{"name":"(anonymous_1)","decl":{"start":{"line":28,"column":30},"end":{"line":28,"column":31}},"loc":{"start":{"line":28,"column":69},"end":{"line":39,"column":1}},"line":28},"2":{"name":"(anonymous_2)","decl":{"start":{"line":42,"column":32},"end":{"line":42,"column":33}},"loc":{"start":{"line":42,"column":71},"end":{"line":55,"column":1}},"line":42},"3":{"name":"(anonymous_3)","decl":{"start":{"line":58,"column":32},"end":{"line":58,"column":33}},"loc":{"start":{"line":58,"column":71},"end":{"line":73,"column":1}},"line":58},"4":{"name":"(anonymous_4)","decl":{"start":{"line":76,"column":35},"end":{"line":76,"column":36}},"loc":{"start":{"line":76,"column":74},"end":{"line":89,"column":1}},"line":76},"5":{"name":"getErrorMessage","decl":{"start":{"line":92,"column":9},"end":{"line":92,"column":24}},"loc":{"start":{"line":92,"column":41},"end":{"line":95,"column":1}},"line":92}},"branchMap":{"0":{"loc":{"start":{"line":33,"column":8},"end":{"line":35,"column":63}},"type":"cond-expr","locations":[{"start":{"line":34,"column":14},"end":{"line":34,"column":54}},{"start":{"line":35,"column":14},"end":{"line":35,"column":63}}],"line":33},"1":{"loc":{"start":{"line":49,"column":8},"end":{"line":51,"column":72}},"type":"cond-expr","locations":[{"start":{"line":50,"column":14},"end":{"line":50,"column":42}},{"start":{"line":51,"column":14},"end":{"line":51,"column":72}}],"line":49},"2":{"loc":{"start":{"line":67,"column":8},"end":{"line":69,"column":65}},"type":"cond-expr","locations":[{"start":{"line":68,"column":14},"end":{"line":68,"column":42}},{"start":{"line":69,"column":14},"end":{"line":69,"column":65}}],"line":67},"3":{"loc":{"start":{"line":83,"column":8},"end":{"line":85,"column":65}},"type":"cond-expr","locations":[{"start":{"line":84,"column":14},"end":{"line":84,"column":42}},{"start":{"line":85,"column":14},"end":{"line":85,"column":65}}],"line":83},"4":{"loc":{"start":{"line":93,"column":2},"end":{"line":93,"column":50}},"type":"if","locations":[{"start":{"line":93,"column":2},"end":{"line":93,"column":50}},{"start":{},"end":{}}],"line":93}},"s":{"0":1,"1":1,"2":1,"3":1,"4":1,"5":1,"6":0,"7":1,"8":3,"9":3,"10":3,"11":3,"12":0,"13":1,"14":3,"15":3,"16":3,"17":3,"18":3,"19":0,"20":1,"21":1,"22":1,"23":1,"24":1,"25":1,"26":1,"27":0,"28":1,"29":1,"30":1,"31":1,"32":1,"33":1,"34":0,"35":0,"36":0,"37":0},"f":{"0":1,"1":3,"2":3,"3":1,"4":1,"5":0},"b":{"0":[3,0],"1":[3,0],"2":[1,0],"3":[1,0],"4":[0,0]},"_coverageSchema":"1a1c01bbd47fc00a2c39e90264f33305004495a9","hash":"1e3aaef445497b3bffbf70b9641d3ed91848bf3d"}
}
