{"/home/sdp/Projects/todo-test-task/controllers/auth.ts": {"path":"/home/sdp/Projects/todo-test-task/controllers/auth.ts","statementMap":{"0":{"start":{"line":9,"column":4},"end":{"line":9,"column":20}},"1":{"start":{"line":11,"column":23},"end":{"line":11,"column":47}},"2":{"start":{"line":14,"column":4},"end":{"line":16,"column":5}},"3":{"start":{"line":15,"column":8},"end":{"line":15,"column":71}},"4":{"start":{"line":19,"column":18},"end":{"line":19,"column":42}},"5":{"start":{"line":23,"column":4},"end":{"line":28,"column":5}},"6":{"start":{"line":24,"column":8},"end":{"line":24,"column":66}},"7":{"start":{"line":27,"column":8},"end":{"line":27,"column":75}},"8":{"start":{"line":31,"column":4},"end":{"line":35,"column":5}},"9":{"start":{"line":32,"column":8},"end":{"line":32,"column":73}},"10":{"start":{"line":34,"column":8},"end":{"line":34,"column":15}}},"fnMap":{"0":{"name":"isAuth","decl":{"start":{"line":7,"column":24},"end":{"line":7,"column":30}},"loc":{"start":{"line":7,"column":80},"end":{"line":36,"column":1}},"line":7}},"branchMap":{"0":{"loc":{"start":{"line":14,"column":4},"end":{"line":16,"column":5}},"type":"if","locations":[{"start":{"line":14,"column":4},"end":{"line":16,"column":5}},{"start":{},"end":{}}],"line":14},"1":{"loc":{"start":{"line":31,"column":4},"end":{"line":35,"column":5}},"type":"if","locations":[{"start":{"line":31,"column":4},"end":{"line":35,"column":5}},{"start":{"line":33,"column":11},"end":{"line":35,"column":5}}],"line":31}},"s":{"0":9,"1":9,"2":9,"3":0,"4":9,"5":9,"6":9,"7":0,"8":9,"9":0,"10":9},"f":{"0":9},"b":{"0":[0,9],"1":[0,9]},"_coverageSchema":"1a1c01bbd47fc00a2c39e90264f33305004495a9","hash":"d724c27c413303246922e215bde3dbdf1d7dff10"}
,"/home/sdp/Projects/todo-test-task/models/task.ts": {"path":"/home/sdp/Projects/todo-test-task/models/task.ts","statementMap":{"0":{"start":{"line":4,"column":42},"end":{"line":23,"column":2}},"1":{"start":{"line":8,"column":12},"end":{"line":8,"column":30}},"2":{"start":{"line":25,"column":13},"end":{"line":25,"column":66}}},"fnMap":{"0":{"name":"(anonymous_0)","decl":{"start":{"line":7,"column":17},"end":{"line":7,"column":18}},"loc":{"start":{"line":7,"column":27},"end":{"line":9,"column":9}},"line":7}},"branchMap":{},"s":{"0":1,"1":3,"2":1},"f":{"0":3},"b":{},"_coverageSchema":"1a1c01bbd47fc00a2c39e90264f33305004495a9","hash":"3d9c9cdf8a7087ed20ce454ea1539035d50fe4e1"}
,"/home/sdp/Projects/todo-test-task/models/user.ts": {"path":"/home/sdp/Projects/todo-test-task/models/user.ts","statementMap":{"0":{"start":{"line":4,"column":42},"end":{"line":20,"column":2}},"1":{"start":{"line":8,"column":12},"end":{"line":8,"column":30}},"2":{"start":{"line":22,"column":13},"end":{"line":22,"column":66}}},"fnMap":{"0":{"name":"(anonymous_0)","decl":{"start":{"line":7,"column":17},"end":{"line":7,"column":18}},"loc":{"start":{"line":7,"column":27},"end":{"line":9,"column":9}},"line":7}},"branchMap":{},"s":{"0":1,"1":6,"2":1},"f":{"0":6},"b":{},"_coverageSchema":"1a1c01bbd47fc00a2c39e90264f33305004495a9","hash":"fc71f7378daae0b6caf3258517d4ef5fc0888ca5"}
,"/home/sdp/Projects/todo-test-task/routes/tasks.ts": {"path":"/home/sdp/Projects/todo-test-task/routes/tasks.ts","statementMap":{"0":{"start":{"line":10,"column":27},"end":{"line":10,"column":43}},"1":{"start":{"line":11,"column":0},"end":{"line":11,"column":32}},"2":{"start":{"line":16,"column":0},"end":{"line":35,"column":3}},"3":{"start":{"line":17,"column":37},"end":{"line":17,"column":46}},"4":{"start":{"line":19,"column":4},"end":{"line":34,"column":5}},"5":{"start":{"line":20,"column":44},"end":{"line":22,"column":39}},"6":{"start":{"line":25,"column":22},"end":{"line":25,"column":49}},"7":{"start":{"line":27,"column":8},"end":{"line":31,"column":11}},"8":{"start":{"line":33,"column":8},"end":{"line":33,"column":60}},"9":{"start":{"line":38,"column":0},"end":{"line":49,"column":3}},"10":{"start":{"line":39,"column":4},"end":{"line":48,"column":5}},"11":{"start":{"line":40,"column":21},"end":{"line":40,"column":38}},"12":{"start":{"line":41,"column":23},"end":{"line":41,"column":46}},"13":{"start":{"line":43,"column":8},"end":{"line":45,"column":64}},"14":{"start":{"line":47,"column":8},"end":{"line":47,"column":60}},"15":{"start":{"line":52,"column":0},"end":{"line":65,"column":3}},"16":{"start":{"line":53,"column":15},"end":{"line":53,"column":30}},"17":{"start":{"line":55,"column":4},"end":{"line":64,"column":5}},"18":{"start":{"line":56,"column":22},"end":{"line":56,"column":53}},"19":{"start":{"line":57,"column":23},"end":{"line":57,"column":48}},"20":{"start":{"line":59,"column":8},"end":{"line":61,"column":73}},"21":{"start":{"line":63,"column":8},"end":{"line":63,"column":60}},"22":{"start":{"line":68,"column":0},"end":{"line":83,"column":3}},"23":{"start":{"line":69,"column":15},"end":{"line":69,"column":30}},"24":{"start":{"line":71,"column":4},"end":{"line":82,"column":5}},"25":{"start":{"line":72,"column":21},"end":{"line":72,"column":38}},"26":{"start":{"line":73,"column":22},"end":{"line":73,"column":53}},"27":{"start":{"line":75,"column":23},"end":{"line":75,"column":84}},"28":{"start":{"line":77,"column":8},"end":{"line":79,"column":66}},"29":{"start":{"line":81,"column":8},"end":{"line":81,"column":60}},"30":{"start":{"line":86,"column":0},"end":{"line":99,"column":3}},"31":{"start":{"line":87,"column":15},"end":{"line":87,"column":30}},"32":{"start":{"line":89,"column":4},"end":{"line":98,"column":5}},"33":{"start":{"line":90,"column":22},"end":{"line":90,"column":53}},"34":{"start":{"line":91,"column":23},"end":{"line":91,"column":50}},"35":{"start":{"line":93,"column":8},"end":{"line":95,"column":66}},"36":{"start":{"line":97,"column":8},"end":{"line":97,"column":60}},"37":{"start":{"line":103,"column":2},"end":{"line":103,"column":50}},"38":{"start":{"line":103,"column":30},"end":{"line":103,"column":50}},"39":{"start":{"line":104,"column":2},"end":{"line":104,"column":22}}},"fnMap":{"0":{"name":"(anonymous_0)","decl":{"start":{"line":16,"column":29},"end":{"line":16,"column":30}},"loc":{"start":{"line":16,"column":68},"end":{"line":35,"column":1}},"line":16},"1":{"name":"(anonymous_1)","decl":{"start":{"line":38,"column":30},"end":{"line":38,"column":31}},"loc":{"start":{"line":38,"column":69},"end":{"line":49,"column":1}},"line":38},"2":{"name":"(anonymous_2)","decl":{"start":{"line":52,"column":32},"end":{"line":52,"column":33}},"loc":{"start":{"line":52,"column":71},"end":{"line":65,"column":1}},"line":52},"3":{"name":"(anonymous_3)","decl":{"start":{"line":68,"column":32},"end":{"line":68,"column":33}},"loc":{"start":{"line":68,"column":71},"end":{"line":83,"column":1}},"line":68},"4":{"name":"(anonymous_4)","decl":{"start":{"line":86,"column":35},"end":{"line":86,"column":36}},"loc":{"start":{"line":86,"column":74},"end":{"line":99,"column":1}},"line":86},"5":{"name":"getErrorMessage","decl":{"start":{"line":102,"column":9},"end":{"line":102,"column":24}},"loc":{"start":{"line":102,"column":41},"end":{"line":105,"column":1}},"line":102}},"branchMap":{"0":{"loc":{"start":{"line":17,"column":12},"end":{"line":17,"column":20}},"type":"default-arg","locations":[{"start":{"line":17,"column":19},"end":{"line":17,"column":20}}],"line":17},"1":{"loc":{"start":{"line":17,"column":22},"end":{"line":17,"column":32}},"type":"default-arg","locations":[{"start":{"line":17,"column":30},"end":{"line":17,"column":32}}],"line":17},"2":{"loc":{"start":{"line":43,"column":8},"end":{"line":45,"column":63}},"type":"cond-expr","locations":[{"start":{"line":44,"column":14},"end":{"line":44,"column":54}},{"start":{"line":45,"column":14},"end":{"line":45,"column":63}}],"line":43},"3":{"loc":{"start":{"line":59,"column":8},"end":{"line":61,"column":72}},"type":"cond-expr","locations":[{"start":{"line":60,"column":14},"end":{"line":60,"column":42}},{"start":{"line":61,"column":14},"end":{"line":61,"column":72}}],"line":59},"4":{"loc":{"start":{"line":77,"column":8},"end":{"line":79,"column":65}},"type":"cond-expr","locations":[{"start":{"line":78,"column":14},"end":{"line":78,"column":42}},{"start":{"line":79,"column":14},"end":{"line":79,"column":65}}],"line":77},"5":{"loc":{"start":{"line":93,"column":8},"end":{"line":95,"column":65}},"type":"cond-expr","locations":[{"start":{"line":94,"column":14},"end":{"line":94,"column":42}},{"start":{"line":95,"column":14},"end":{"line":95,"column":65}}],"line":93},"6":{"loc":{"start":{"line":103,"column":2},"end":{"line":103,"column":50}},"type":"if","locations":[{"start":{"line":103,"column":2},"end":{"line":103,"column":50}},{"start":{},"end":{}}],"line":103}},"s":{"0":1,"1":1,"2":1,"3":1,"4":1,"5":1,"6":1,"7":1,"8":0,"9":1,"10":3,"11":3,"12":3,"13":3,"14":0,"15":1,"16":3,"17":3,"18":3,"19":3,"20":3,"21":0,"22":1,"23":1,"24":1,"25":1,"26":1,"27":1,"28":1,"29":0,"30":1,"31":1,"32":1,"33":1,"34":1,"35":1,"36":0,"37":0,"38":0,"39":0},"f":{"0":1,"1":3,"2":3,"3":1,"4":1,"5":0},"b":{"0":[1],"1":[1],"2":[3,0],"3":[3,0],"4":[1,0],"5":[1,0],"6":[0,0]},"_coverageSchema":"1a1c01bbd47fc00a2c39e90264f33305004495a9","hash":"43eb47820feae75ce7dee4f9a561113b3e29f840"}
,"/home/sdp/Projects/todo-test-task/routes/users.ts": {"path":"/home/sdp/Projects/todo-test-task/routes/users.ts","statementMap":{"0":{"start":{"line":9,"column":0},"end":{"line":9,"column":16}},"1":{"start":{"line":12,"column":27},"end":{"line":12,"column":43}},"2":{"start":{"line":13,"column":0},"end":{"line":13,"column":32}},"3":{"start":{"line":15,"column":0},"end":{"line":41,"column":3}},"4":{"start":{"line":17,"column":23},"end":{"line":17,"column":47}},"5":{"start":{"line":20,"column":4},"end":{"line":22,"column":5}},"6":{"start":{"line":21,"column":8},"end":{"line":21,"column":31}},"7":{"start":{"line":25,"column":18},"end":{"line":25,"column":42}},"8":{"start":{"line":29,"column":4},"end":{"line":33,"column":5}},"9":{"start":{"line":30,"column":8},"end":{"line":30,"column":66}},"10":{"start":{"line":32,"column":8},"end":{"line":32,"column":31}},"11":{"start":{"line":35,"column":4},"end":{"line":40,"column":5}},"12":{"start":{"line":36,"column":8},"end":{"line":36,"column":31}},"13":{"start":{"line":39,"column":8},"end":{"line":39,"column":53}},"14":{"start":{"line":44,"column":0},"end":{"line":62,"column":3}},"15":{"start":{"line":46,"column":32},"end":{"line":46,"column":40}},"16":{"start":{"line":49,"column":17},"end":{"line":49,"column":75}},"17":{"start":{"line":52,"column":4},"end":{"line":58,"column":5}},"18":{"start":{"line":54,"column":22},"end":{"line":54,"column":117}},"19":{"start":{"line":57,"column":8},"end":{"line":57,"column":54}},"20":{"start":{"line":61,"column":4},"end":{"line":61,"column":97}},"21":{"start":{"line":65,"column":0},"end":{"line":84,"column":3}},"22":{"start":{"line":67,"column":4},"end":{"line":83,"column":5}},"23":{"start":{"line":68,"column":21},"end":{"line":68,"column":38}},"24":{"start":{"line":69,"column":23},"end":{"line":69,"column":46}},"25":{"start":{"line":72,"column":8},"end":{"line":80,"column":9}},"26":{"start":{"line":74,"column":26},"end":{"line":74,"column":126}},"27":{"start":{"line":77,"column":12},"end":{"line":77,"column":58}},"28":{"start":{"line":79,"column":12},"end":{"line":79,"column":69}},"29":{"start":{"line":82,"column":8},"end":{"line":82,"column":60}},"30":{"start":{"line":88,"column":2},"end":{"line":88,"column":50}},"31":{"start":{"line":88,"column":30},"end":{"line":88,"column":50}},"32":{"start":{"line":89,"column":2},"end":{"line":89,"column":22}}},"fnMap":{"0":{"name":"(anonymous_0)","decl":{"start":{"line":15,"column":29},"end":{"line":15,"column":30}},"loc":{"start":{"line":15,"column":68},"end":{"line":41,"column":1}},"line":15},"1":{"name":"(anonymous_1)","decl":{"start":{"line":44,"column":27},"end":{"line":44,"column":28}},"loc":{"start":{"line":44,"column":66},"end":{"line":62,"column":1}},"line":44},"2":{"name":"(anonymous_2)","decl":{"start":{"line":65,"column":30},"end":{"line":65,"column":31}},"loc":{"start":{"line":65,"column":69},"end":{"line":84,"column":1}},"line":65},"3":{"name":"getErrorMessage","decl":{"start":{"line":87,"column":9},"end":{"line":87,"column":24}},"loc":{"start":{"line":87,"column":41},"end":{"line":90,"column":1}},"line":87}},"branchMap":{"0":{"loc":{"start":{"line":20,"column":4},"end":{"line":22,"column":5}},"type":"if","locations":[{"start":{"line":20,"column":4},"end":{"line":22,"column":5}},{"start":{},"end":{}}],"line":20},"1":{"loc":{"start":{"line":35,"column":4},"end":{"line":40,"column":5}},"type":"if","locations":[{"start":{"line":35,"column":4},"end":{"line":40,"column":5}},{"start":{"line":37,"column":11},"end":{"line":40,"column":5}}],"line":35},"2":{"loc":{"start":{"line":52,"column":4},"end":{"line":58,"column":5}},"type":"if","locations":[{"start":{"line":52,"column":4},"end":{"line":58,"column":5}},{"start":{},"end":{}}],"line":52},"3":{"loc":{"start":{"line":72,"column":8},"end":{"line":80,"column":9}},"type":"if","locations":[{"start":{"line":72,"column":8},"end":{"line":80,"column":9}},{"start":{"line":78,"column":15},"end":{"line":80,"column":9}}],"line":72},"4":{"loc":{"start":{"line":88,"column":2},"end":{"line":88,"column":50}},"type":"if","locations":[{"start":{"line":88,"column":2},"end":{"line":88,"column":50}},{"start":{},"end":{}}],"line":88}},"s":{"0":1,"1":1,"2":1,"3":1,"4":0,"5":0,"6":0,"7":0,"8":0,"9":0,"10":0,"11":0,"12":0,"13":0,"14":1,"15":1,"16":1,"17":1,"18":1,"19":1,"20":0,"21":1,"22":6,"23":6,"24":6,"25":6,"26":6,"27":6,"28":0,"29":0,"30":0,"31":0,"32":0},"f":{"0":0,"1":1,"2":6,"3":0},"b":{"0":[0,0],"1":[0,0],"2":[1,0],"3":[6,0],"4":[0,0]},"_coverageSchema":"1a1c01bbd47fc00a2c39e90264f33305004495a9","hash":"6a1d3cdd95627c421cdc4dd9a903a947fc39f7e2"}
}
