TN:
SF:controllers/auth.js
FN:6,isAuth
FNF:1
FNH:1
FNDA:9,isAuth
DA:8,9
DA:11,9
DA:12,9
DA:14,0
DA:17,0
DA:18,0
DA:22,0
DA:26,0
DA:27,0
DA:30,0
DA:34,0
DA:35,0
DA:37,0
LF:13
LH:3
BRDA:17,0,0,0
BRDA:17,0,1,0
BRDA:30,1,0,0
BRDA:30,1,1,0
BRDA:34,2,0,0
BRDA:34,2,1,0
BRF:6
BRH:0
end_of_record
TN:
SF:models/task.ts
FN:7,(anonymous_0)
FN:25,(anonymous_1)
FN:29,(anonymous_2)
FNF:3
FNH:1
FNDA:3,(anonymous_0)
FNDA:0,(anonymous_1)
FNDA:0,(anonymous_2)
DA:4,1
DA:8,3
DA:25,1
DA:26,0
DA:29,1
DA:33,0
DA:36,1
LF:7
LH:5
BRF:0
BRH:0
end_of_record
TN:
SF:routes/tasks.ts
FN:16,(anonymous_0)
FN:28,(anonymous_1)
FN:42,(anonymous_2)
FN:58,(anonymous_3)
FN:76,(anonymous_4)
FN:92,getErrorMessage
FNF:6
FNH:5
FNDA:1,(anonymous_0)
FNDA:3,(anonymous_1)
FNDA:3,(anonymous_2)
FNDA:1,(anonymous_3)
FNDA:1,(anonymous_4)
FNDA:0,getErrorMessage
DA:10,1
DA:11,1
DA:16,1
DA:17,1
DA:19,1
DA:21,1
DA:23,0
DA:28,1
DA:29,3
DA:30,3
DA:31,3
DA:33,3
DA:37,0
DA:42,1
DA:43,3
DA:45,3
DA:46,3
DA:47,3
DA:49,3
DA:53,0
DA:58,1
DA:59,1
DA:61,1
DA:62,1
DA:63,1
DA:65,1
DA:67,1
DA:71,0
DA:76,1
DA:77,1
DA:79,1
DA:80,1
DA:81,1
DA:83,1
DA:87,0
DA:93,0
DA:94,0
LF:37
LH:30
BRDA:33,0,0,3
BRDA:33,0,1,0
BRDA:49,1,0,3
BRDA:49,1,1,0
BRDA:67,2,0,1
BRDA:67,2,1,0
BRDA:83,3,0,1
BRDA:83,3,1,0
BRDA:93,4,0,0
BRDA:93,4,1,0
BRF:10
BRH:4
end_of_record
