TN:
SF:controllers/auth.ts
FN:7,isAuth
FNF:1
FNH:1
FNDA:9,isAuth
DA:9,9
DA:11,9
DA:14,9
DA:15,0
DA:19,9
DA:23,9
DA:24,9
DA:27,0
DA:31,9
DA:32,0
DA:34,9
LF:11
LH:8
BRDA:14,0,0,0
BRDA:14,0,1,9
BRDA:31,1,0,0
BRDA:31,1,1,9
BRF:4
BRH:2
end_of_record
TN:
SF:models/task.ts
FN:7,(anonymous_0)
FNF:1
FNH:1
FNDA:3,(anonymous_0)
DA:4,1
DA:8,3
DA:25,1
LF:3
LH:3
BRF:0
BRH:0
end_of_record
TN:
SF:models/user.ts
FN:7,(anonymous_0)
FNF:1
FNH:1
FNDA:6,(anonymous_0)
DA:4,1
DA:8,6
DA:22,1
LF:3
LH:3
BRF:0
BRH:0
end_of_record
TN:
SF:routes/tasks.ts
FN:16,(anonymous_0)
FN:38,(anonymous_1)
FN:52,(anonymous_2)
FN:68,(anonymous_3)
FN:86,(anonymous_4)
FN:102,getErrorMessage
FNF:6
FNH:5
FNDA:1,(anonymous_0)
FNDA:3,(anonymous_1)
FNDA:3,(anonymous_2)
FNDA:1,(anonymous_3)
FNDA:1,(anonymous_4)
FNDA:0,getErrorMessage
DA:10,1
DA:11,1
DA:16,1
DA:17,1
DA:19,1
DA:20,1
DA:25,1
DA:27,1
DA:33,0
DA:38,1
DA:39,3
DA:40,3
DA:41,3
DA:43,3
DA:47,0
DA:52,1
DA:53,3
DA:55,3
DA:56,3
DA:57,3
DA:59,3
DA:63,0
DA:68,1
DA:69,1
DA:71,1
DA:72,1
DA:73,1
DA:75,1
DA:77,1
DA:81,0
DA:86,1
DA:87,1
DA:89,1
DA:90,1
DA:91,1
DA:93,1
DA:97,0
DA:103,0
DA:104,0
LF:39
LH:32
BRDA:17,0,0,1
BRDA:17,1,0,1
BRDA:43,2,0,3
BRDA:43,2,1,0
BRDA:59,3,0,3
BRDA:59,3,1,0
BRDA:77,4,0,1
BRDA:77,4,1,0
BRDA:93,5,0,1
BRDA:93,5,1,0
BRDA:103,6,0,0
BRDA:103,6,1,0
BRF:12
BRH:6
end_of_record
TN:
SF:routes/users.ts
FN:15,(anonymous_0)
FN:44,(anonymous_1)
FN:65,(anonymous_2)
FN:87,getErrorMessage
FNF:4
FNH:2
FNDA:0,(anonymous_0)
FNDA:1,(anonymous_1)
FNDA:6,(anonymous_2)
FNDA:0,getErrorMessage
DA:9,1
DA:12,1
DA:13,1
DA:15,1
DA:17,0
DA:20,0
DA:21,0
DA:25,0
DA:29,0
DA:30,0
DA:32,0
DA:35,0
DA:36,0
DA:39,0
DA:44,1
DA:46,1
DA:49,1
DA:52,1
DA:54,1
DA:57,1
DA:61,0
DA:65,1
DA:67,6
DA:68,6
DA:69,6
DA:72,6
DA:74,6
DA:77,6
DA:79,0
DA:82,0
DA:88,0
DA:89,0
LF:32
LH:17
BRDA:20,0,0,0
BRDA:20,0,1,0
BRDA:35,1,0,0
BRDA:35,1,1,0
BRDA:52,2,0,1
BRDA:52,2,1,0
BRDA:72,3,0,6
BRDA:72,3,1,0
BRDA:88,4,0,0
BRDA:88,4,1,0
BRF:10
BRH:2
end_of_record
